Arguments: 
  /usr/local/bin/node /usr/local/bin/yarn

PATH: 
  /Users/apple/.composer/vendor/bin:/Users/apple/Desktop/cocos2d-x-4.0/templates:/Users/apple/Desktop:/Users/apple/Desktop/cocos2d-x-4.0/tools/cocos2d-console/bin:/usr/local/bin:/usr/bin:/bin:/usr/sbin:/sbin:/Library/Apple/usr/bin:/Users/apple/.composer/vendor/bin:/Users/apple/Desktop/cocos2d-x-4.0/templates:/Users/apple/Desktop:/Users/apple/Desktop/cocos2d-x-4.0/tools/cocos2d-console/bin

Yarn version: 
  1.22.18

Node version: 
  16.14.2

Platform: 
  darwin x64

Trace: 
  Error: https://registry.yarnpkg.com/typescript/-/typescript-3.9.10.tgz: ESOCKETTIMEDOUT
      at ClientRequest.<anonymous> (/usr/local/lib/node_modules/yarn/lib/cli.js:141510:19)
      at Object.onceWrapper (node:events:645:28)
      at ClientRequest.emit (node:events:526:28)
      at TLSSocket.emitRequestTimeout (node:_http_client:758:9)
      at Object.onceWrapper (node:events:645:28)
      at TLSSocket.emit (node:events:538:35)
      at TLSSocket.Socket._onTimeout (node:net:501:8)
      at listOnTimeout (node:internal/timers:559:17)
      at processTimers (node:internal/timers:502:7)

npm manifest: 
  {
    "name": "create-sabelhost-expo",
    "description": "React native expo app with redux and Magnus UI",
    "version": "1.0.0",
    "author": "Ahmed Maher @ahmedmaher30190",
    "dependencies": {
      "@oclif/command": "^1.8.0",
      "@oclif/config": "^1.17.0",
      "@oclif/plugin-help": "^3.2.1",
      "fs-extra": "^9.1.0",
      "tslib": "^1.14.1"
    },
    "devDependencies": {
      "@oclif/dev-cli": "^1.26.0",
      "@types/fs-extra": "^9.0.6",
      "@types/node": "^10.17.51",
      "@typescript-eslint/eslint-plugin": "^4.12.0",
      "@typescript-eslint/parser": "^4.12.0",
      "eslint": "^5.16.0",
      "globby": "^10.0.2",
      "prettier": "^2.2.1",
      "ts-node": "^8.10.2",
      "typescript": "^3.9.7"
    },
    "engines": {
      "node": ">=8.0.0"
    },
    "files": [
      "/bin",
      "/lib",
      "/npm-shrinkwrap.json",
      "/oclif.manifest.json"
    ],
    "homepage": "https://github.com/sabelhost/create-sabelhost-expo.git",
    "keywords": [
      "sabelhost",
      "react native",
      "expo",
      "redux",
      "Magnus UI",
      "ahmedmhaer30190"
    ],
    "license": "MIT",
    "main": "lib/index.js",
    "oclif": {
      "commands": "./lib/commands",
      "bin": "create-sabelhost-expo new",
      "plugins": [
        "@oclif/plugin-help"
      ]
    },
    "repository": "sabelhost/create-sabelhost-expo",
    "scripts": {
      "postpack": "rm -f oclif.manifest.json",
      "posttest": "eslint . --ext .ts --config .eslintrc",
      "prepack": "",
      "test": "echo NO TESTS",
      "version": "oclif-dev readme && git add README.md"
    },
    "types": "lib/index.d.ts",
    "prettier": {
      "semi": true,
      "singleQuote": true,
      "tabs": false,
      "tabWidth": 2,
      "trailingComma": "all",
      "printWidth": 80,
      "arrowParens": "avoid"
    }
  }

yarn manifest: 
  No manifest

Lockfile: 
  No lockfile
